<?xml version="1.0" encoding="UTF-8"?>
<!-- Generated by org.testng.reporters.JUnitReportReporter -->
<testsuite hostname="om-PC" failures="0" tests="2" name="Orangehrm" time="4.652" errors="0" timestamp="27 Nov 2021 12:37:23 GMT">
  <testcase classname="Orangehrm" name="Orange" time="2.169"/>
  <testcase classname="Orangehrm" name="Orange" time="2.483"/>
</testsuite> <!-- Orangehrm -->
