<?xml version="1.0" encoding="UTF-8"?>
<!-- Generated by org.testng.reporters.JUnitReportReporter -->
<testsuite hostname="om-PC" failures="0" tests="1" name="HomePage" time="39.496" errors="0" timestamp="20 Nov 2021 13:39:08 GMT">
  <testcase classname="HomePage" name="basePageNavigation" time="39.496"/>
</testsuite> <!-- HomePage -->
