<?xml version="1.0" encoding="UTF-8"?>
<!-- Generated by org.testng.reporters.JUnitReportReporter -->
<testsuite hostname="om-PC" failures="0" tests="1" name="com.tests.sample.NewTest" time="0.013" errors="0" timestamp="27 Nov 2021 13:34:19 GMT">
  <testcase classname="com.tests.sample.NewTest" name="f" time="0.013"/>
</testsuite> <!-- com.tests.sample.NewTest -->
