<?xml version="1.0" encoding="UTF-8"?>
<!-- Generated by org.testng.reporters.JUnitReportReporter -->
<testsuite hostname="om-PC" failures="0" tests="1" name="Travel" time="51.502" errors="0" timestamp="27 Nov 2021 12:16:02 GMT">
  <testcase classname="Travel" name="Trav" time="51.502"/>
</testsuite> <!-- Travel -->
