<?xml version="1.0" encoding="UTF-8"?>
<!-- Generated by org.testng.reporters.JUnitReportReporter -->
<testsuite hostname="om-PC" failures="0" tests="2" name="com.tests.OrangeHrmTest" time="6.754" errors="0" timestamp="27 Nov 2021 17:19:10 GMT">
  <testcase classname="com.tests.OrangeHrmTest" name="Orange" time="5.920"/>
  <testcase classname="com.tests.OrangeHrmTest" name="Orange" time="0.834"/>
</testsuite> <!-- com.tests.OrangeHrmTest -->
