<?xml version="1.0" encoding="UTF-8"?>
<!-- Generated by org.testng.reporters.JUnitReportReporter -->
<testsuite hostname="om-PC" failures="0" tests="1" name="com.tests.godady123" time="4.716" errors="0" timestamp="27 Nov 2021 17:19:10 GMT">
  <testcase classname="com.tests.godady123" name="basePageNavigation" time="4.716"/>
</testsuite> <!-- com.tests.godady123 -->
